Build started 1/25/2012 10:05:18 AM.
     1>Project "C:\Development\RandomProjects\IntCalculator\IntCalculator\IntCalculator.vcxproj" on node 2 (build target(s)).
     1>InitializeBuildStatus:
         Creating "Debug\IntCalculator.unsuccessfulbuild" because "AlwaysCreate" was specified.
       ClCompile:
         c:\Program Files (x86)\Microsoft Visual Studio 10.0\VC\bin\CL.exe /c /ZI /nologo /W3 /WX- /Od /Oy- /D WIN32 /D _DEBUG /D _CONSOLE /D _UNICODE /D UNICODE /Gm /EHsc /RTC1 /MDd /GS /fp:precise /Zc:wchar_t /Zc:forScope /Fo"Debug\\" /Fd"Debug\vc100.pdb" /Gd /TP /analyze- /errorReport:prompt Calculator.cpp
         Calculator.cpp
       ManifestResourceCompile:
         All outputs are up-to-date.
       Link:
         c:\Program Files (x86)\Microsoft Visual Studio 10.0\VC\bin\link.exe /ERRORREPORT:PROMPT /OUT:"C:\Development\RandomProjects\IntCalculator\Debug\IntCalculator.exe" /INCREMENTAL /NOLOGO kernel32.lib user32.lib gdi32.lib winspool.lib comdlg32.lib advapi32.lib shell32.lib ole32.lib oleaut32.lib uuid.lib odbc32.lib odbccp32.lib /MANIFEST /ManifestFile:"Debug\IntCalculator.exe.intermediate.manifest" /MANIFESTUAC:"level='asInvoker' uiAccess='false'" /DEBUG /PDB:"C:\Development\RandomProjects\IntCalculator\Debug\IntCalculator.pdb" /SUBSYSTEM:CONSOLE /TLBID:1 /DYNAMICBASE /NXCOMPAT /IMPLIB:"C:\Development\RandomProjects\IntCalculator\Debug\IntCalculator.lib" /MACHINE:X86 Debug\IntCalculator.exe.embed.manifest.res
         Debug\Calculator.obj
       Manifest:
         C:\Program Files (x86)\Microsoft SDKs\Windows\v7.0A\bin\mt.exe /nologo /verbose /out:"Debug\IntCalculator.exe.embed.manifest" /manifest Debug\IntCalculator.exe.intermediate.manifest
         All outputs are up-to-date.
       LinkEmbedManifest:
         All outputs are up-to-date.
         IntCalculator.vcxproj -> C:\Development\RandomProjects\IntCalculator\Debug\IntCalculator.exe
       FinalizeBuildStatus:
         Deleting file "Debug\IntCalculator.unsuccessfulbuild".
         Touching "Debug\IntCalculator.lastbuildstate".
     1>Done Building Project "C:\Development\RandomProjects\IntCalculator\IntCalculator\IntCalculator.vcxproj" (build target(s)).

Build succeeded.

Time Elapsed 00:00:01.65
